<?xml version="1.0" encoding="UTF-8"?>
<!-- Generated by org.testng.reporters.JUnitReportReporter -->
<testsuite hostname="LENOVO-LAPTOP" failures="0" tests="6" name="login.LoginTests" time="21.699" errors="0" timestamp="2024-11-16T20:38:06 EET" skipped="0">
  <testcase classname="login.LoginTests" name="testSuccessfulLogin" time="5.331"/>
  <testcase classname="login.LoginTests" name="testSuccessfulLogin" time="3.554"/>
  <testcase classname="login.LoginTests" name="testInvalidUserName" time="6.310"/>
  <testcase classname="login.LoginTests" name="testInvalidUserName" time="2.043"/>
  <testcase classname="login.LoginTests" name="testInvalidPassword" time="2.010"/>
  <testcase classname="login.LoginTests" name="testInvalidPassword" time="2.451"/>
</testsuite> <!-- login.LoginTests -->
